[debug] [2023-10-30T07:32:02.195Z] ----------------------------------------------------------------------
[debug] [2023-10-30T07:32:02.198Z] Command:       C:\Program Files\nodejs\node.exe C:\Users\Admin\AppData\Roaming\npm\node_modules\firebase-tools\lib\bin\firebase.js init
[debug] [2023-10-30T07:32:02.199Z] CLI Version:   12.7.0
[debug] [2023-10-30T07:32:02.199Z] Platform:      win32
[debug] [2023-10-30T07:32:02.199Z] Node Version:  v16.16.0
[debug] [2023-10-30T07:32:02.200Z] Time:          Mon Oct 30 2023 14:32:02 GMT+0700 (Indochina Time)
[debug] [2023-10-30T07:32:02.201Z] ----------------------------------------------------------------------
[debug] 
[debug] [2023-10-30T07:32:02.205Z] >>> [apiv2][query] GET https://firebase-public.firebaseio.com/cli.json [none]
[debug] [2023-10-30T07:32:02.235Z] > command requires scopes: ["email","openid","https://www.googleapis.com/auth/cloudplatformprojects.readonly","https://www.googleapis.com/auth/firebase","https://www.googleapis.com/auth/cloud-platform"]
[debug] [2023-10-30T07:32:02.236Z] > authorizing via signed-in user (cuongnguyen081001@gmail.com)
[info] 
     ######## #### ########  ######## ########     ###     ######  ########
     ##        ##  ##     ## ##       ##     ##  ##   ##  ##       ##
     ######    ##  ########  ######   ########  #########  ######  ######
     ##        ##  ##    ##  ##       ##     ## ##     ##       ## ##
     ##       #### ##     ## ######## ########  ##     ##  ######  ########

You're about to initialize a Firebase project in this directory:

  C:\NMC\DoAnTotNghiep\do-an-viet-admin

Before we get started, keep in mind:

  * You are currently outside your home directory

[debug] [2023-10-30T07:32:02.737Z] <<< [apiv2][status] GET https://firebase-public.firebaseio.com/cli.json 200
[debug] [2023-10-30T07:32:02.738Z] <<< [apiv2][body] GET https://firebase-public.firebaseio.com/cli.json {"cloudBuildErrorAfter":1594252800000,"cloudBuildWarnAfter":1590019200000,"defaultNode10After":1594252800000,"minVersion":"3.0.5","node8DeploysDisabledAfter":1613390400000,"node8RuntimeDisabledAfter":1615809600000,"node8WarnAfter":1600128000000}
[info] 
=== Project Setup
[info] 
[info] First, let's associate this project directory with a Firebase project.
[info] You can create multiple project aliases by running firebase use --add, 
[info] but for now we'll just set up a default project.
[info] 
